{
  "uid" : "bec7839e4a605795",
  "name" : "userShouldBeAbleToCreateMap",
  "fullName" : "com.example.api.task.solution.map.NegativeMapCreationTest.userShouldBeAbleToCreateMap",
  "historyId" : "470303509840dd392788be851735cdcb",
  "time" : {
    "start" : 1607549466121,
    "stop" : 1607549466259,
    "duration" : 138
  },
  "status" : "failed",
  "statusMessage" : "[Status code] \nExpecting:\n <403>\nto be equal to:\n <200>\nbut was not.",
  "statusTrace" : "java.lang.AssertionError: [Status code] \nExpecting:\n <403>\nto be equal to:\n <200>\nbut was not.\n\tat com.example.api.task.solution.endpoints.BaseEndpoint.assertStatusCode(BaseEndpoint.java:35)\n\tat com.example.api.task.solution.endpoints.BaseEndpoint.assertRequestSuccess(BaseEndpoint.java:30)\n\tat com.example.api.task.solution.map.NegativeMapCreationTest.userShouldBeAbleToCreateMap(NegativeMapCreationTest.java:19)\n\tat java.base/jdk.internal.reflect.NativeMethodAccessorImpl.invoke0(Native Method)\n\tat java.base/jdk.internal.reflect.NativeMethodAccessorImpl.invoke(NativeMethodAccessorImpl.java:62)\n\tat java.base/jdk.internal.reflect.DelegatingMethodAccessorImpl.invoke(DelegatingMethodAccessorImpl.java:43)\n\tat java.base/java.lang.reflect.Method.invoke(Method.java:566)\n\tat org.testng.internal.MethodInvocationHelper.invokeMethod(MethodInvocationHelper.java:134)\n\tat org.testng.internal.TestInvoker.invokeMethod(TestInvoker.java:597)\n\tat org.testng.internal.TestInvoker.invokeTestMethod(TestInvoker.java:173)\n\tat org.testng.internal.MethodRunner.runInSequence(MethodRunner.java:46)\n\tat org.testng.internal.TestInvoker$MethodInvocationAgent.invoke(TestInvoker.java:816)\n\tat org.testng.internal.TestInvoker.invokeTestMethods(TestInvoker.java:146)\n\tat org.testng.internal.TestMethodWorker.invokeTestMethods(TestMethodWorker.java:146)\n\tat org.testng.internal.TestMethodWorker.run(TestMethodWorker.java:128)\n\tat java.base/java.util.ArrayList.forEach(ArrayList.java:1541)\n\tat org.testng.TestRunner.privateRun(TestRunner.java:766)\n\tat org.testng.TestRunner.run(TestRunner.java:587)\n\tat org.testng.SuiteRunner.runTest(SuiteRunner.java:384)\n\tat org.testng.SuiteRunner.runSequentially(SuiteRunner.java:378)\n\tat org.testng.SuiteRunner.privateRun(SuiteRunner.java:337)\n\tat org.testng.SuiteRunner.run(SuiteRunner.java:286)\n\tat org.testng.SuiteRunnerWorker.runSuite(SuiteRunnerWorker.java:53)\n\tat org.testng.SuiteRunnerWorker.run(SuiteRunnerWorker.java:96)\n\tat org.testng.TestNG.runSuitesSequentially(TestNG.java:1187)\n\tat org.testng.TestNG.runSuitesLocally(TestNG.java:1109)\n\tat org.testng.TestNG.runSuites(TestNG.java:1039)\n\tat org.testng.TestNG.run(TestNG.java:1007)\n\tat org.apache.maven.surefire.testng.TestNGExecutor.run(TestNGExecutor.java:284)\n\tat org.apache.maven.surefire.testng.TestNGXmlTestSuite.execute(TestNGXmlTestSuite.java:75)\n\tat org.apache.maven.surefire.testng.TestNGProvider.invoke(TestNGProvider.java:119)\n\tat org.apache.maven.surefire.booter.ForkedBooter.runSuitesInProcess(ForkedBooter.java:428)\n\tat org.apache.maven.surefire.booter.ForkedBooter.execute(ForkedBooter.java:162)\n\tat org.apache.maven.surefire.booter.ForkedBooter.run(ForkedBooter.java:562)\n\tat org.apache.maven.surefire.booter.ForkedBooter.main(ForkedBooter.java:548)\n",
  "flaky" : false,
  "newFailed" : false,
  "beforeStages" : [ ],
  "testStage" : {
    "status" : "failed",
    "statusMessage" : "[Status code] \nExpecting:\n <403>\nto be equal to:\n <200>\nbut was not.",
    "statusTrace" : "java.lang.AssertionError: [Status code] \nExpecting:\n <403>\nto be equal to:\n <200>\nbut was not.\n\tat com.example.api.task.solution.endpoints.BaseEndpoint.assertStatusCode(BaseEndpoint.java:35)\n\tat com.example.api.task.solution.endpoints.BaseEndpoint.assertRequestSuccess(BaseEndpoint.java:30)\n\tat com.example.api.task.solution.map.NegativeMapCreationTest.userShouldBeAbleToCreateMap(NegativeMapCreationTest.java:19)\n\tat java.base/jdk.internal.reflect.NativeMethodAccessorImpl.invoke0(Native Method)\n\tat java.base/jdk.internal.reflect.NativeMethodAccessorImpl.invoke(NativeMethodAccessorImpl.java:62)\n\tat java.base/jdk.internal.reflect.DelegatingMethodAccessorImpl.invoke(DelegatingMethodAccessorImpl.java:43)\n\tat java.base/java.lang.reflect.Method.invoke(Method.java:566)\n\tat org.testng.internal.MethodInvocationHelper.invokeMethod(MethodInvocationHelper.java:134)\n\tat org.testng.internal.TestInvoker.invokeMethod(TestInvoker.java:597)\n\tat org.testng.internal.TestInvoker.invokeTestMethod(TestInvoker.java:173)\n\tat org.testng.internal.MethodRunner.runInSequence(MethodRunner.java:46)\n\tat org.testng.internal.TestInvoker$MethodInvocationAgent.invoke(TestInvoker.java:816)\n\tat org.testng.internal.TestInvoker.invokeTestMethods(TestInvoker.java:146)\n\tat org.testng.internal.TestMethodWorker.invokeTestMethods(TestMethodWorker.java:146)\n\tat org.testng.internal.TestMethodWorker.run(TestMethodWorker.java:128)\n\tat java.base/java.util.ArrayList.forEach(ArrayList.java:1541)\n\tat org.testng.TestRunner.privateRun(TestRunner.java:766)\n\tat org.testng.TestRunner.run(TestRunner.java:587)\n\tat org.testng.SuiteRunner.runTest(SuiteRunner.java:384)\n\tat org.testng.SuiteRunner.runSequentially(SuiteRunner.java:378)\n\tat org.testng.SuiteRunner.privateRun(SuiteRunner.java:337)\n\tat org.testng.SuiteRunner.run(SuiteRunner.java:286)\n\tat org.testng.SuiteRunnerWorker.runSuite(SuiteRunnerWorker.java:53)\n\tat org.testng.SuiteRunnerWorker.run(SuiteRunnerWorker.java:96)\n\tat org.testng.TestNG.runSuitesSequentially(TestNG.java:1187)\n\tat org.testng.TestNG.runSuitesLocally(TestNG.java:1109)\n\tat org.testng.TestNG.runSuites(TestNG.java:1039)\n\tat org.testng.TestNG.run(TestNG.java:1007)\n\tat org.apache.maven.surefire.testng.TestNGExecutor.run(TestNGExecutor.java:284)\n\tat org.apache.maven.surefire.testng.TestNGXmlTestSuite.execute(TestNGXmlTestSuite.java:75)\n\tat org.apache.maven.surefire.testng.TestNGProvider.invoke(TestNGProvider.java:119)\n\tat org.apache.maven.surefire.booter.ForkedBooter.runSuitesInProcess(ForkedBooter.java:428)\n\tat org.apache.maven.surefire.booter.ForkedBooter.execute(ForkedBooter.java:162)\n\tat org.apache.maven.surefire.booter.ForkedBooter.run(ForkedBooter.java:562)\n\tat org.apache.maven.surefire.booter.ForkedBooter.main(ForkedBooter.java:548)\n",
    "steps" : [ {
      "name" : "assertThat 'io.restassured.internal.RestAssuredResponseImpl@369c6e1b'",
      "time" : {
        "start" : 1607549466257,
        "stop" : 1607549466257,
        "duration" : 0
      },
      "status" : "passed",
      "steps" : [ ],
      "attachments" : [ ],
      "parameters" : [ ],
      "stepsCount" : 0,
      "attachmentsCount" : 0,
      "shouldDisplayMessage" : false,
      "hasContent" : false
    }, {
      "name" : "as 'Request response []'",
      "time" : {
        "start" : 1607549466257,
        "stop" : 1607549466257,
        "duration" : 0
      },
      "status" : "passed",
      "steps" : [ {
        "name" : "describedAs 'Request response'",
        "time" : {
          "start" : 1607549466257,
          "stop" : 1607549466257,
          "duration" : 0
        },
        "status" : "passed",
        "steps" : [ ],
        "attachments" : [ ],
        "parameters" : [ ],
        "stepsCount" : 0,
        "attachmentsCount" : 0,
        "shouldDisplayMessage" : false,
        "hasContent" : false
      } ],
      "attachments" : [ ],
      "parameters" : [ ],
      "stepsCount" : 1,
      "attachmentsCount" : 0,
      "shouldDisplayMessage" : false,
      "hasContent" : true
    }, {
      "name" : "isNotNull",
      "time" : {
        "start" : 1607549466257,
        "stop" : 1607549466257,
        "duration" : 0
      },
      "status" : "passed",
      "steps" : [ ],
      "attachments" : [ ],
      "parameters" : [ ],
      "stepsCount" : 0,
      "attachmentsCount" : 0,
      "shouldDisplayMessage" : false,
      "hasContent" : false
    }, {
      "name" : "assertThat '403'",
      "time" : {
        "start" : 1607549466257,
        "stop" : 1607549466257,
        "duration" : 0
      },
      "status" : "passed",
      "steps" : [ ],
      "attachments" : [ ],
      "parameters" : [ ],
      "stepsCount" : 0,
      "attachmentsCount" : 0,
      "shouldDisplayMessage" : false,
      "hasContent" : false
    }, {
      "name" : "as 'Status code []'",
      "time" : {
        "start" : 1607549466257,
        "stop" : 1607549466257,
        "duration" : 0
      },
      "status" : "passed",
      "steps" : [ {
        "name" : "describedAs 'Status code'",
        "time" : {
          "start" : 1607549466257,
          "stop" : 1607549466257,
          "duration" : 0
        },
        "status" : "passed",
        "steps" : [ ],
        "attachments" : [ ],
        "parameters" : [ ],
        "stepsCount" : 0,
        "attachmentsCount" : 0,
        "shouldDisplayMessage" : false,
        "hasContent" : false
      } ],
      "attachments" : [ ],
      "parameters" : [ ],
      "stepsCount" : 1,
      "attachmentsCount" : 0,
      "shouldDisplayMessage" : false,
      "hasContent" : true
    }, {
      "name" : "isEqualTo '200'",
      "time" : {
        "start" : 1607549466258,
        "stop" : 1607549466258,
        "duration" : 0
      },
      "status" : "failed",
      "statusMessage" : "[Status code] \nExpecting:\n <403>\nto be equal to:\n <200>\nbut was not.",
      "statusTrace" : "java.lang.AssertionError: [Status code] \nExpecting:\n <403>\nto be equal to:\n <200>\nbut was not.\n\tat com.example.api.task.solution.endpoints.BaseEndpoint.assertStatusCode(BaseEndpoint.java:35)\n\tat com.example.api.task.solution.endpoints.BaseEndpoint.assertRequestSuccess(BaseEndpoint.java:30)\n\tat com.example.api.task.solution.map.NegativeMapCreationTest.userShouldBeAbleToCreateMap(NegativeMapCreationTest.java:19)\n\tat java.base/jdk.internal.reflect.NativeMethodAccessorImpl.invoke0(Native Method)\n\tat java.base/jdk.internal.reflect.NativeMethodAccessorImpl.invoke(NativeMethodAccessorImpl.java:62)\n\tat java.base/jdk.internal.reflect.DelegatingMethodAccessorImpl.invoke(DelegatingMethodAccessorImpl.java:43)\n\tat java.base/java.lang.reflect.Method.invoke(Method.java:566)\n\tat org.testng.internal.MethodInvocationHelper.invokeMethod(MethodInvocationHelper.java:134)\n\tat org.testng.internal.TestInvoker.invokeMethod(TestInvoker.java:597)\n\tat org.testng.internal.TestInvoker.invokeTestMethod(TestInvoker.java:173)\n\tat org.testng.internal.MethodRunner.runInSequence(MethodRunner.java:46)\n\tat org.testng.internal.TestInvoker$MethodInvocationAgent.invoke(TestInvoker.java:816)\n\tat org.testng.internal.TestInvoker.invokeTestMethods(TestInvoker.java:146)\n\tat org.testng.internal.TestMethodWorker.invokeTestMethods(TestMethodWorker.java:146)\n\tat org.testng.internal.TestMethodWorker.run(TestMethodWorker.java:128)\n\tat java.base/java.util.ArrayList.forEach(ArrayList.java:1541)\n\tat org.testng.TestRunner.privateRun(TestRunner.java:766)\n\tat org.testng.TestRunner.run(TestRunner.java:587)\n\tat org.testng.SuiteRunner.runTest(SuiteRunner.java:384)\n\tat org.testng.SuiteRunner.runSequentially(SuiteRunner.java:378)\n\tat org.testng.SuiteRunner.privateRun(SuiteRunner.java:337)\n\tat org.testng.SuiteRunner.run(SuiteRunner.java:286)\n\tat org.testng.SuiteRunnerWorker.runSuite(SuiteRunnerWorker.java:53)\n\tat org.testng.SuiteRunnerWorker.run(SuiteRunnerWorker.java:96)\n\tat org.testng.TestNG.runSuitesSequentially(TestNG.java:1187)\n\tat org.testng.TestNG.runSuitesLocally(TestNG.java:1109)\n\tat org.testng.TestNG.runSuites(TestNG.java:1039)\n\tat org.testng.TestNG.run(TestNG.java:1007)\n\tat org.apache.maven.surefire.testng.TestNGExecutor.run(TestNGExecutor.java:284)\n\tat org.apache.maven.surefire.testng.TestNGXmlTestSuite.execute(TestNGXmlTestSuite.java:75)\n\tat org.apache.maven.surefire.testng.TestNGProvider.invoke(TestNGProvider.java:119)\n\tat org.apache.maven.surefire.booter.ForkedBooter.runSuitesInProcess(ForkedBooter.java:428)\n\tat org.apache.maven.surefire.booter.ForkedBooter.execute(ForkedBooter.java:162)\n\tat org.apache.maven.surefire.booter.ForkedBooter.run(ForkedBooter.java:562)\n\tat org.apache.maven.surefire.booter.ForkedBooter.main(ForkedBooter.java:548)\n",
      "steps" : [ ],
      "attachments" : [ ],
      "parameters" : [ ],
      "stepsCount" : 0,
      "attachmentsCount" : 0,
      "shouldDisplayMessage" : true,
      "hasContent" : true
    } ],
    "attachments" : [ {
      "uid" : "f4c5f5e677ce024f",
      "name" : "Request",
      "source" : "f4c5f5e677ce024f.html",
      "type" : "text/html",
      "size" : 1208
    }, {
      "uid" : "b04f78d94c9d7a66",
      "name" : "HTTP/1.1 403 Forbidden",
      "source" : "b04f78d94c9d7a66.html",
      "type" : "text/html",
      "size" : 1024
    } ],
    "parameters" : [ ],
    "stepsCount" : 8,
    "attachmentsCount" : 2,
    "shouldDisplayMessage" : false,
    "hasContent" : true
  },
  "afterStages" : [ ],
  "labels" : [ {
    "name" : "package",
    "value" : "com.example.api.task.solution.map.NegativeMapCreationTest"
  }, {
    "name" : "testClass",
    "value" : "com.example.api.task.solution.map.NegativeMapCreationTest"
  }, {
    "name" : "testMethod",
    "value" : "userShouldBeAbleToCreateMap"
  }, {
    "name" : "parentSuite",
    "value" : "Api Test Suite"
  }, {
    "name" : "suite",
    "value" : "Create map negative path"
  }, {
    "name" : "subSuite",
    "value" : "com.example.api.task.solution.map.NegativeMapCreationTest"
  }, {
    "name" : "host",
    "value" : "fv-az21-257"
  }, {
    "name" : "thread",
    "value" : "12122@fv-az21-257.main(1)"
  }, {
    "name" : "framework",
    "value" : "testng"
  }, {
    "name" : "language",
    "value" : "java"
  }, {
    "name" : "resultFormat",
    "value" : "allure2"
  } ],
  "parameters" : [ ],
  "links" : [ ],
  "hidden" : false,
  "retry" : false,
  "extra" : {
    "severity" : "normal",
    "retries" : [ ],
    "categories" : [ {
      "name" : "Product defects",
      "matchedStatuses" : [ ],
      "flaky" : false
    } ],
    "history" : {
      "statistic" : {
        "failed" : 14,
        "broken" : 0,
        "skipped" : 0,
        "passed" : 0,
        "unknown" : 0,
        "total" : 14
      },
      "items" : [ {
        "uid" : "a192ca5d2a919744",
        "reportUrl" : "https://SeleniumTestAB.github.io/bitpanda-tasks-solution/39//#testresult/a192ca5d2a919744",
        "status" : "failed",
        "statusDetails" : "[Status code] \nExpecting:\n <403>\nto be equal to:\n <200>\nbut was not.",
        "time" : {
          "start" : 1607548870643,
          "stop" : 1607548870992,
          "duration" : 349
        }
      }, {
        "uid" : "5568a344647f78d7",
        "reportUrl" : "https://SeleniumTestAB.github.io/bitpanda-tasks-solution/38//#testresult/5568a344647f78d7",
        "status" : "failed",
        "statusDetails" : "[Status code] \nExpecting:\n <403>\nto be equal to:\n <200>\nbut was not.",
        "time" : {
          "start" : 1607547592978,
          "stop" : 1607547593760,
          "duration" : 782
        }
      }, {
        "uid" : "103f4bdfaa8ae20f",
        "reportUrl" : "https://SeleniumTestAB.github.io/bitpanda-tasks-solution/37//#testresult/103f4bdfaa8ae20f",
        "status" : "failed",
        "statusDetails" : "[Status code] \nExpecting:\n <403>\nto be equal to:\n <200>\nbut was not.",
        "time" : {
          "start" : 1607546848228,
          "stop" : 1607546848545,
          "duration" : 317
        }
      }, {
        "uid" : "a111941a93dd3ac",
        "reportUrl" : "https://SeleniumTestAB.github.io/bitpanda-tasks-solution/36//#testresult/a111941a93dd3ac",
        "status" : "failed",
        "statusDetails" : "[Status code] \nExpecting:\n <403>\nto be equal to:\n <200>\nbut was not.",
        "time" : {
          "start" : 1607546328328,
          "stop" : 1607546328810,
          "duration" : 482
        }
      }, {
        "uid" : "ca827edfee20ef8f",
        "reportUrl" : "https://SeleniumTestAB.github.io/bitpanda-tasks-solution/35//#testresult/ca827edfee20ef8f",
        "status" : "failed",
        "statusDetails" : "[Status code] \nExpecting:\n <403>\nto be equal to:\n <200>\nbut was not.",
        "time" : {
          "start" : 1607545237349,
          "stop" : 1607545237700,
          "duration" : 351
        }
      }, {
        "uid" : "2fdef0b964371666",
        "reportUrl" : "https://SeleniumTestAB.github.io/bitpanda-tasks-solution/34//#testresult/2fdef0b964371666",
        "status" : "failed",
        "statusDetails" : "[Status code] \nExpecting:\n <403>\nto be equal to:\n <200>\nbut was not.",
        "time" : {
          "start" : 1607543730785,
          "stop" : 1607543730945,
          "duration" : 160
        }
      }, {
        "uid" : "78dd94698e4d4b3",
        "reportUrl" : "https://SeleniumTestAB.github.io/bitpanda-tasks-solution/33//#testresult/78dd94698e4d4b3",
        "status" : "failed",
        "statusDetails" : "[Status code] \nExpecting:\n <403>\nto be equal to:\n <200>\nbut was not.",
        "time" : {
          "start" : 1607543161976,
          "stop" : 1607543162486,
          "duration" : 510
        }
      }, {
        "uid" : "8a0e14d01a183642",
        "reportUrl" : "https://SeleniumTestAB.github.io/bitpanda-tasks-solution/32//#testresult/8a0e14d01a183642",
        "status" : "failed",
        "statusDetails" : "[Status code] \nExpecting:\n <403>\nto be equal to:\n <200>\nbut was not.",
        "time" : {
          "start" : 1607542686302,
          "stop" : 1607542686819,
          "duration" : 517
        }
      }, {
        "uid" : "ce7a3f9fa8df4951",
        "reportUrl" : "https://SeleniumTestAB.github.io/bitpanda-tasks-solution/31//#testresult/ce7a3f9fa8df4951",
        "status" : "failed",
        "statusDetails" : "[Status code] \nExpecting:\n <403>\nto be equal to:\n <200>\nbut was not.",
        "time" : {
          "start" : 1607541344981,
          "stop" : 1607541345135,
          "duration" : 154
        }
      }, {
        "uid" : "143e2cd43eb464a8",
        "reportUrl" : "https://SeleniumTestAB.github.io/bitpanda-tasks-solution/30//#testresult/143e2cd43eb464a8",
        "status" : "failed",
        "statusDetails" : "[Status code] \nExpecting:\n <403>\nto be equal to:\n <200>\nbut was not.",
        "time" : {
          "start" : 1607540827873,
          "stop" : 1607540828364,
          "duration" : 491
        }
      }, {
        "uid" : "7e8afff508d61197",
        "reportUrl" : "https://SeleniumTestAB.github.io/bitpanda-tasks-solution/28//#testresult/7e8afff508d61197",
        "status" : "failed",
        "statusDetails" : "[Status code] \nExpecting:\n <403>\nto be equal to:\n <200>\nbut was not.",
        "time" : {
          "start" : 1607536782453,
          "stop" : 1607536782767,
          "duration" : 314
        }
      }, {
        "uid" : "785696d01aee4028",
        "reportUrl" : "https://SeleniumTestAB.github.io/bitpanda-tasks-solution/27//#testresult/785696d01aee4028",
        "status" : "failed",
        "statusDetails" : "[Status code] \nExpecting:\n <403>\nto be equal to:\n <200>\nbut was not.",
        "time" : {
          "start" : 1607535587349,
          "stop" : 1607535587489,
          "duration" : 140
        }
      }, {
        "uid" : "869c005f22d68bcf",
        "reportUrl" : "https://SeleniumTestAB.github.io/bitpanda-tasks-solution/24//#testresult/869c005f22d68bcf",
        "status" : "failed",
        "statusDetails" : "[Status code] \nExpecting:\n <403>\nto be equal to:\n <200>\nbut was not.",
        "time" : {
          "start" : 1607530914616,
          "stop" : 1607530915135,
          "duration" : 519
        }
      } ]
    },
    "tags" : [ ]
  },
  "source" : "bec7839e4a605795.json",
  "parameterValues" : [ ]
}